<?xml version="1.0" encoding="UTF-8"?>
<!-- Generated by org.testng.reporters.JUnitReportReporter -->
<testsuite skipped="0" hostname="ShubhamRabbit" name="com.JBKProjectTest.OperatorPageTest" tests="16" failures="0" timestamp="2022-12-19T21:50:54 IST" time="1.055" errors="0">
  <testcase name="verify_Heading_Operators" time="0.033" classname="com.JBKProjectTest.OperatorPageTest"/>
  <system-out/>
  <testcase name="verify_Heading_OperatorList" time="0.023" classname="com.JBKProjectTest.OperatorPageTest"/>
  <system-out/>
  <testcase name="verify_AllOperatorsHeadingPrint" time="0.137" classname="com.JBKProjectTest.OperatorPageTest"/>
  <system-out/>
  <testcase name="verify_AllOperatorsPrint" time="0.730" classname="com.JBKProjectTest.OperatorPageTest"/>
  <system-out/>
  <testcase name="verify_ConnectionWith_WhatsappOnly" time="0.000" classname="com.JBKProjectTest.OperatorPageTest"/>
  <system-out/>
  <testcase name="verify_ConnectionWith_Whatsapp_PhoneCall_Sms_Email" time="0.001" classname="com.JBKProjectTest.OperatorPageTest"/>
  <system-out/>
  <testcase name="verify_PersonsPresentOn_MondayToSaturday" time="0.000" classname="com.JBKProjectTest.OperatorPageTest"/>
  <system-out/>
  <testcase name="verify_PersonsPresentOn_MondayToSunday" time="0.000" classname="com.JBKProjectTest.OperatorPageTest"/>
  <system-out/>
  <testcase name="verify_PersonsPresentOn_MondayToFridayAndSunday" time="0.000" classname="com.JBKProjectTest.OperatorPageTest"/>
  <system-out/>
  <testcase name="verify_PersonsPresentOn_SaturdaySunday" time="0.000" classname="com.JBKProjectTest.OperatorPageTest"/>
  <system-out/>
  <testcase name="verify_PersonsPresent_for_UrgentTechnicalHelp" time="0.000" classname="com.JBKProjectTest.OperatorPageTest"/>
  <system-out/>
  <testcase name="verify_PersonsPresent_for_TechnicalDiscussion" time="0.000" classname="com.JBKProjectTest.OperatorPageTest"/>
  <system-out/>
  <testcase name="verify_PersonsPresent_for_Administration" time="0.000" classname="com.JBKProjectTest.OperatorPageTest"/>
  <system-out/>
  <testcase name="verify_PersonsPresent_for_Enquiry" time="0.000" classname="com.JBKProjectTest.OperatorPageTest"/>
  <system-out/>
  <testcase name="verify_PersonsPresent_for_TechnicalHelp" time="0.000" classname="com.JBKProjectTest.OperatorPageTest"/>
  <system-out/>
  <testcase name="verify_NavigateToUsefulLinksPage" time="0.131" classname="com.JBKProjectTest.OperatorPageTest"/>
  <system-out/>
</testsuite> <!-- com.JBKProjectTest.OperatorPageTest -->
