<?xml version="1.0" encoding="UTF-8"?>
<!-- Generated by org.testng.reporters.JUnitReportReporter -->
<testsuite skipped="0" hostname="ShubhamRabbit" name="com.JBKProjectTest.UsefulLinksPageTest" tests="13" failures="0" timestamp="2022-12-19T21:50:54 IST" time="0.931" errors="0">
  <testcase name="verify_Heading_UsefulLinks" time="0.031" classname="com.JBKProjectTest.UsefulLinksPageTest"/>
  <system-out/>
  <testcase name="verify_Heading_InternetRequired" time="0.023" classname="com.JBKProjectTest.UsefulLinksPageTest"/>
  <system-out/>
  <testcase name="verify_Heading_LinksTable" time="0.031" classname="com.JBKProjectTest.UsefulLinksPageTest"/>
  <system-out/>
  <testcase name="verify_LinksTableRow1" time="0.029" classname="com.JBKProjectTest.UsefulLinksPageTest"/>
  <system-out/>
  <testcase name="verify_LinksTableRow2" time="0.031" classname="com.JBKProjectTest.UsefulLinksPageTest"/>
  <system-out/>
  <testcase name="verify_LinksTableRow3" time="0.029" classname="com.JBKProjectTest.UsefulLinksPageTest"/>
  <system-out/>
  <testcase name="verify_LinksTableRow4" time="0.031" classname="com.JBKProjectTest.UsefulLinksPageTest"/>
  <system-out/>
  <testcase name="verify_LinksTableRow5" time="0.029" classname="com.JBKProjectTest.UsefulLinksPageTest"/>
  <system-out/>
  <testcase name="verify_LinksTableRow6" time="0.030" classname="com.JBKProjectTest.UsefulLinksPageTest"/>
  <system-out/>
  <testcase name="verify_ClickLinks" time="0.482" classname="com.JBKProjectTest.UsefulLinksPageTest"/>
  <system-out/>
  <testcase name="verify_Footer1" time="0.027" classname="com.JBKProjectTest.UsefulLinksPageTest"/>
  <system-out/>
  <testcase name="verify_Footer2" time="0.052" classname="com.JBKProjectTest.UsefulLinksPageTest"/>
  <system-out/>
  <testcase name="verify_NavigateToDownloadsPage" time="0.106" classname="com.JBKProjectTest.UsefulLinksPageTest"/>
  <system-out/>
</testsuite> <!-- com.JBKProjectTest.UsefulLinksPageTest -->
