<?xml version="1.0" encoding="UTF-8"?>
<!-- Generated by org.testng.reporters.JUnitReportReporter -->
<testsuite hostname="ShubhamRabbit" failures="0" tests="79" name="com.JBKProjectTest.LoginTest" time="13.940" errors="0" timestamp="2022-12-15T00:00:15 IST" skipped="0">
  <testcase classname="com.JBKProjectTest.LoginTest" name="printHead1" time="0.063"/>
  <system-out/>
  <testcase classname="com.JBKProjectTest.LoginTest" name="printHead2" time="0.039"/>
  <system-out/>
  <testcase classname="com.JBKProjectTest.LoginTest" name="printHead3" time="0.034"/>
  <system-out/>
  <testcase classname="com.JBKProjectTest.LoginTest" name="registerHead4" time="0.160"/>
  <system-out/>
  <testcase classname="com.JBKProjectTest.LoginTest" name="printHead4" time="0.037"/>
  <system-out/>
  <testcase classname="com.JBKProjectTest.LoginTest" name="printHead5" time="0.029"/>
  <system-out/>
  <testcase classname="com.JBKProjectTest.LoginTest" name="registerNewMember" time="2.599"/>
  <system-out/>
  <testcase classname="com.JBKProjectTest.LoginTest" name="checkCredentials" time="4.139"/>
  <system-out/>
  <testcase classname="com.JBKProjectTest.LoginTest" name="dashHead1" time="0.032"/>
  <system-out/>
  <testcase classname="com.JBKProjectTest.LoginTest" name="dashHead2" time="0.029"/>
  <system-out/>
  <testcase classname="com.JBKProjectTest.LoginTest" name="dashHead3" time="0.029"/>
  <system-out/>
  <testcase classname="com.JBKProjectTest.LoginTest" name="dashHead4" time="0.031"/>
  <system-out/>
  <testcase classname="com.JBKProjectTest.LoginTest" name="dashHead5" time="0.033"/>
  <system-out/>
  <testcase classname="com.JBKProjectTest.LoginTest" name="dashHead6" time="0.031"/>
  <system-out/>
  <testcase classname="com.JBKProjectTest.LoginTest" name="dashHead7" time="0.028"/>
  <system-out/>
  <testcase classname="com.JBKProjectTest.LoginTest" name="dashHead8" time="0.029"/>
  <system-out/>
  <testcase classname="com.JBKProjectTest.LoginTest" name="dashHead9" time="0.033"/>
  <system-out/>
  <testcase classname="com.JBKProjectTest.LoginTest" name="dashHead10" time="0.034"/>
  <system-out/>
  <testcase classname="com.JBKProjectTest.LoginTest" name="dashHead11" time="0.031"/>
  <system-out/>
  <testcase classname="com.JBKProjectTest.LoginTest" name="dashHead12" time="0.029"/>
  <system-out/>
  <testcase classname="com.JBKProjectTest.LoginTest" name="dashHead13" time="0.536"/>
  <system-out/>
  <testcase classname="com.JBKProjectTest.LoginTest" name="dashHead14" time="0.200"/>
  <system-out/>
  <testcase classname="com.JBKProjectTest.LoginTest" name="userPage1" time="0.185"/>
  <system-out/>
  <testcase classname="com.JBKProjectTest.LoginTest" name="userHead1" time="0.035"/>
  <system-out/>
  <testcase classname="com.JBKProjectTest.LoginTest" name="userHead2" time="0.032"/>
  <system-out/>
  <testcase classname="com.JBKProjectTest.LoginTest" name="addUserClick" time="0.153"/>
  <system-out/>
  <testcase classname="com.JBKProjectTest.LoginTest" name="addUserHead1" time="0.032"/>
  <system-out/>
  <testcase classname="com.JBKProjectTest.LoginTest" name="addUserHead2" time="0.032"/>
  <system-out/>
  <testcase classname="com.JBKProjectTest.LoginTest" name="addUser1" time="0.642"/>
  <system-out/>
  <testcase classname="com.JBKProjectTest.LoginTest" name="addUserClick1" time="0.216"/>
  <system-out/>
  <testcase classname="com.JBKProjectTest.LoginTest" name="addUsersPrintAll" time="0.219"/>
  <system-out/>
  <testcase classname="com.JBKProjectTest.LoginTest" name="addUsersPrintAll1" time="0.678"/>
  <system-out/>
  <testcase classname="com.JBKProjectTest.LoginTest" name="addUsersDelete1" time="0.057"/>
  <system-out/>
  <testcase classname="com.JBKProjectTest.LoginTest" name="addUsersDelete2" time="0.072"/>
  <system-out/>
  <testcase classname="com.JBKProjectTest.LoginTest" name="addUsersDelete3" time="0.056"/>
  <system-out/>
  <testcase classname="com.JBKProjectTest.LoginTest" name="addUsersDelete4" time="0.064"/>
  <system-out/>
  <testcase classname="com.JBKProjectTest.LoginTest" name="OperatorClick" time="0.111"/>
  <system-out/>
  <testcase classname="com.JBKProjectTest.LoginTest" name="OperatorsHeading1" time="0.028"/>
  <system-out/>
  <testcase classname="com.JBKProjectTest.LoginTest" name="OperatorsHeading2" time="0.030"/>
  <system-out/>
  <testcase classname="com.JBKProjectTest.LoginTest" name="OperatorsHeading3" time="0.164"/>
  <system-out/>
  <testcase classname="com.JBKProjectTest.LoginTest" name="OperatorsHeading4" time="0.838"/>
  <system-out/>
  <testcase classname="com.JBKProjectTest.LoginTest" name="verify_ConnectionWith_whatsappOnly" time="0.001"/>
  <system-out/>
  <testcase classname="com.JBKProjectTest.LoginTest" name="verify_connectionWith_whatsapp_PhoneCall_Sms_Email" time="0.000"/>
  <system-out/>
  <testcase classname="com.JBKProjectTest.LoginTest" name="verify_personsPresentOn_MondayToSaturday" time="0.000"/>
  <system-out/>
  <testcase classname="com.JBKProjectTest.LoginTest" name="verify_personsPresentOn_MondayToSunday" time="0.000"/>
  <system-out/>
  <testcase classname="com.JBKProjectTest.LoginTest" name="verify_personsPresentOn_MondayToFridayAndSunday" time="0.000"/>
  <system-out/>
  <testcase classname="com.JBKProjectTest.LoginTest" name="verify_personsPresentOn_SaturdaySunday" time="0.001"/>
  <system-out/>
  <testcase classname="com.JBKProjectTest.LoginTest" name="verify_personsPresent_for_UrgentTechnicalHelp" time="0.001"/>
  <system-out/>
  <testcase classname="com.JBKProjectTest.LoginTest" name="verify_personsPresent_for_TechnicalDiscussion" time="0.000"/>
  <system-out/>
  <testcase classname="com.JBKProjectTest.LoginTest" name="verify_personsPresent_for_Administration" time="0.001"/>
  <system-out/>
  <testcase classname="com.JBKProjectTest.LoginTest" name="verify_personsPresent_for_Enquiry" time="0.001"/>
  <system-out/>
  <testcase classname="com.JBKProjectTest.LoginTest" name="verify_personsPresent_for_TechnicalHelp" time="0.000"/>
  <system-out/>
  <testcase classname="com.JBKProjectTest.LoginTest" name="clickUsefullinksPage" time="0.121"/>
  <system-out/>
  <testcase classname="com.JBKProjectTest.LoginTest" name="verify_heading_UsefulLinks" time="0.031"/>
  <system-out/>
  <testcase classname="com.JBKProjectTest.LoginTest" name="verify_heading_LinksTable" time="0.031"/>
  <system-out/>
  <testcase classname="com.JBKProjectTest.LoginTest" name="verify_heading_InternetRequired" time="0.030"/>
  <system-out/>
  <testcase classname="com.JBKProjectTest.LoginTest" name="verify_LinksTableRow1" time="0.048"/>
  <system-out/>
  <testcase classname="com.JBKProjectTest.LoginTest" name="verify_LinksTableRow2" time="0.032"/>
  <system-out/>
  <testcase classname="com.JBKProjectTest.LoginTest" name="verify_LinksTableRow3" time="0.030"/>
  <system-out/>
  <testcase classname="com.JBKProjectTest.LoginTest" name="verify_LinksTableRow4" time="0.031"/>
  <system-out/>
  <testcase classname="com.JBKProjectTest.LoginTest" name="verify_LinksTableRow5" time="0.032"/>
  <system-out/>
  <testcase classname="com.JBKProjectTest.LoginTest" name="verify_LinksTableRow6" time="0.031"/>
  <system-out/>
  <testcase classname="com.JBKProjectTest.LoginTest" name="verify_ClickLinks" time="0.467"/>
  <system-out/>
  <testcase classname="com.JBKProjectTest.LoginTest" name="verify_footer1" time="0.030"/>
  <system-out/>
  <testcase classname="com.JBKProjectTest.LoginTest" name="verify_footer2" time="0.031"/>
  <system-out/>
  <testcase classname="com.JBKProjectTest.LoginTest" name="verify_DownloadsPageClick" time="0.136"/>
  <system-out/>
  <testcase classname="com.JBKProjectTest.LoginTest" name="verify_heading_Downloads" time="0.030"/>
  <system-out/>
  <testcase classname="com.JBKProjectTest.LoginTest" name="verify_heading_DownloadsList" time="0.032"/>
  <system-out/>
  <testcase classname="com.JBKProjectTest.LoginTest" name="verify_printRow1" time="0.036"/>
  <system-out/>
  <testcase classname="com.JBKProjectTest.LoginTest" name="verify_SmallHead" time="0.026"/>
  <system-out/>
  <testcase classname="com.JBKProjectTest.LoginTest" name="verify_printRow2" time="0.031"/>
  <system-out/>
  <testcase classname="com.JBKProjectTest.LoginTest" name="verify_printRow3" time="0.032"/>
  <system-out/>
  <testcase classname="com.JBKProjectTest.LoginTest" name="verify_printRow4" time="0.035"/>
  <system-out/>
  <testcase classname="com.JBKProjectTest.LoginTest" name="verify_printRow5" time="0.032"/>
  <system-out/>
  <testcase classname="com.JBKProjectTest.LoginTest" name="verify_printRow6" time="0.030"/>
  <system-out/>
  <testcase classname="com.JBKProjectTest.LoginTest" name="verify_printRow7" time="0.034"/>
  <system-out/>
  <testcase classname="com.JBKProjectTest.LoginTest" name="verify_printRow8" time="0.055"/>
  <system-out/>
  <testcase classname="com.JBKProjectTest.LoginTest" name="verify_clickAllOfficialWebsites" time="0.513"/>
  <system-out/>
  <testcase classname="com.JBKProjectTest.LoginTest" name="verify_clickLogout" time="0.119"/>
  <system-out/>
</testsuite> <!-- com.JBKProjectTest.LoginTest -->
