<?xml version="1.0" encoding="UTF-8"?>
<!-- Generated by org.testng.reporters.JUnitReportReporter -->
<testsuite skipped="0" hostname="ShubhamRabbit" name="com.JBKProjectTest.DashboardPageTest" tests="15" failures="0" timestamp="2022-12-19T21:50:54 IST" time="1.087" errors="0">
  <testcase name="verify_Header_JavaByKiran" time="0.021" classname="com.JBKProjectTest.DashboardPageTest"/>
  <system-out/>
  <testcase name="verify_Active_Kiran" time="0.025" classname="com.JBKProjectTest.DashboardPageTest"/>
  <system-out/>
  <testcase name="verify_Text_Online" time="0.028" classname="com.JBKProjectTest.DashboardPageTest"/>
  <system-out/>
  <testcase name="verify_Heading_Dashboard" time="0.026" classname="com.JBKProjectTest.DashboardPageTest"/>
  <system-out/>
  <testcase name="verify_Text_Selenium" time="0.032" classname="com.JBKProjectTest.DashboardPageTest"/>
  <system-out/>
  <testcase name="verify_Text_JavaJ2EE" time="0.021" classname="com.JBKProjectTest.DashboardPageTest"/>
  <system-out/>
  <testcase name="verify_Text_Python" time="0.022" classname="com.JBKProjectTest.DashboardPageTest"/>
  <system-out/>
  <testcase name="verify_Text_Php" time="0.032" classname="com.JBKProjectTest.DashboardPageTest"/>
  <system-out/>
  <testcase name="verify_Text_AutomationTesting" time="0.028" classname="com.JBKProjectTest.DashboardPageTest"/>
  <system-out/>
  <testcase name="verify_Text_SoftwareDevelopment" time="0.033" classname="com.JBKProjectTest.DashboardPageTest"/>
  <system-out/>
  <testcase name="verify_Text_DataScience" time="0.026" classname="com.JBKProjectTest.DashboardPageTest"/>
  <system-out/>
  <testcase name="verify_Text_WebDevelopment" time="0.033" classname="com.JBKProjectTest.DashboardPageTest"/>
  <system-out/>
  <testcase name="verify_clickLinkText" time="0.403" classname="com.JBKProjectTest.DashboardPageTest"/>
  <system-out/>
  <testcase name="verify_SideBar_Dashboard" time="0.199" classname="com.JBKProjectTest.DashboardPageTest"/>
  <system-out/>
  <testcase name="verify_SideBar_UsersClick" time="0.158" classname="com.JBKProjectTest.DashboardPageTest"/>
  <system-out/>
</testsuite> <!-- com.JBKProjectTest.DashboardPageTest -->
