<?xml version="1.0" encoding="UTF-8"?>
<!-- Generated by org.testng.reporters.JUnitReportReporter -->
<testsuite skipped="0" hostname="ShubhamRabbit" name="com.JBKProjectTest.UserPageTest" tests="14" failures="0" timestamp="2022-12-19T21:50:54 IST" time="2.175" errors="0">
  <testcase name="verify_Heading_Users" time="0.034" classname="com.JBKProjectTest.UserPageTest"/>
  <system-out/>
  <testcase name="verify_Heading_UserList" time="0.025" classname="com.JBKProjectTest.UserPageTest"/>
  <system-out/>
  <testcase name="verify_AddUserButton_Click" time="0.125" classname="com.JBKProjectTest.UserPageTest"/>
  <system-out/>
  <testcase name="verify_Heading_AddUser" time="0.023" classname="com.JBKProjectTest.UserPageTest"/>
  <system-out/>
  <testcase name="verify_FillDetails" time="0.037" classname="com.JBKProjectTest.UserPageTest"/>
  <system-out/>
  <testcase name="addUser1" time="0.590" classname="com.JBKProjectTest.UserPageTest"/>
  <system-out/>
  <testcase name="verify_SideBar_UserClick" time="0.170" classname="com.JBKProjectTest.UserPageTest"/>
  <system-out/>
  <testcase name="verify_UsersPrintTableHeading" time="0.160" classname="com.JBKProjectTest.UserPageTest"/>
  <system-out/>
  <testcase name="verify_UsersPrintTableContent" time="0.631" classname="com.JBKProjectTest.UserPageTest"/>
  <system-out/>
  <testcase name="addUsersDelete1" time="0.060" classname="com.JBKProjectTest.UserPageTest"/>
  <system-out/>
  <testcase name="addUsersDelete2" time="0.076" classname="com.JBKProjectTest.UserPageTest"/>
  <system-out/>
  <testcase name="addUsersDelete3" time="0.063" classname="com.JBKProjectTest.UserPageTest"/>
  <system-out/>
  <testcase name="addUsersDelete4" time="0.076" classname="com.JBKProjectTest.UserPageTest"/>
  <system-out/>
  <testcase name="verify_navigateToOperatorPage" time="0.105" classname="com.JBKProjectTest.UserPageTest"/>
  <system-out/>
</testsuite> <!-- com.JBKProjectTest.UserPageTest -->
